java.lang.UnsupportedClassVersionError: io/github/alexarchambault/isterminal/IsTerminal has been compiled by a more recent version of the Java Runtime (class file version 67.0), this version of the Java Runtime only recognizes class file versions up to 66.0
  java.base/java.lang.ClassLoader.defineClass1(Native Method)
  java.base/java.lang.ClassLoader.defineClass(ClassLoader.java:1023)
  java.base/java.security.SecureClassLoader.defineClass(SecureClassLoader.java:150)
  java.base/jdk.internal.loader.BuiltinClassLoader.defineClass(BuiltinClassLoader.java:862)
  java.base/jdk.internal.loader.BuiltinClassLoader.findClassOnClassPathOrNull(BuiltinClassLoader.java:760)
  java.base/jdk.internal.loader.BuiltinClassLoader.loadClassOrNull(BuiltinClassLoader.java:681)
  java.base/jdk.internal.loader.BuiltinClassLoader.loadClass(BuiltinClassLoader.java:639)
  java.base/jdk.internal.loader.ClassLoaders$AppClassLoader.loadClass(ClassLoaders.java:188)
  java.base/java.lang.ClassLoader.loadClass(ClassLoader.java:525)
  coursier.paths.Util.computeUseAnsiOutput(Util.java:126)
  coursier.paths.Util.useAnsiOutput(Util.java:153)
  scala.cli.internal.CliLogger.coursierLogger$$anonfun$1(CliLogger.scala:147)
  scala.Option.getOrElse(Option.scala:201)
  scala.cli.internal.CliLogger.coursierLogger(CliLogger.scala:147)
  scala.cli.commands.shared.SharedOptions.coursierCache$lzyINIT1(SharedOptions.scala:611)
  scala.cli.commands.shared.SharedOptions.coursierCache(SharedOptions.scala:611)
  scala.cli.commands.shared.SharedOptions.buildOptions$$anonfun$1(SharedOptions.scala:425)
  scala.build.EitherCps$Helper.apply(EitherCps.scala:19)
  scala.cli.commands.shared.SharedOptions.buildOptions(SharedOptions.scala:293)
  scala.cli.commands.ScalaCommand.buildOptions$$anonfun$1(ScalaCommand.scala:333)
  scala.Option.map(Option.scala:242)
  scala.cli.commands.ScalaCommand.buildOptions(ScalaCommand.scala:333)
  scala.cli.commands.ScalaCommand.run(ScalaCommand.scala:394)
  scala.cli.commands.ScalaCommand.run(ScalaCommand.scala:381)
  caseapp.core.app.CaseApp.main(CaseApp.scala:166)
  scala.cli.commands.ScalaCommand.main(ScalaCommand.scala:366)
  caseapp.core.app.CommandsEntryPoint.main(CommandsEntryPoint.scala:370)
  scala.cli.ScalaCliCommands.main(ScalaCliCommands.scala:125)
  scala.cli.ScalaCli$.main0(ScalaCli.scala:324)
  scala.cli.ScalaCli$.main(ScalaCli.scala:122)
  scala.cli.ScalaCli.main(ScalaCli.scala)
